(node:77791) [DEP0040] DeprecationWarning: The `punycode` module is deprecated. Please use a userland alternative instead.
(Use `node --trace-deprecation ...` to show where the warning was created)
MongoDB connection failed: connect ECONNREFUSED ::1:27017, connect ECONNREFUSED 127.0.0.1:27017
>>> STARTING IN MOCK MODE (In-memory only) <<<

[DS Init] Building in-memory data structures from MOCK data...
[AVL Tree] Built with 16 users
[Graph] Built: 16 users, 25 friendships
[B-Tree] Built with 6 posts
[DS Init] All data structures ready (MOCK MODE)

node:events:486
      throw er; // Unhandled 'error' event
      ^

Error: listen EADDRINUSE: address already in use :::5000
    at Server.setupListenHandle [as _listen2] (node:net:1940:16)
    at listenInCluster (node:net:1997:12)
    at Server.listen (node:net:2102:7)
    at app.listen (/Users/pratikshinde/Downloads/socialconnect/backend/node_modules/express/lib/application.js:635:24)
    at /Users/pratikshinde/Downloads/socialconnect/backend/src/index.js:77:9
Emitted 'error' event on Server instance at:
    at emitErrorNT (node:net:1976:8)
    at process.processTicksAndRejections (node:internal/process/task_queues:89:21) {
  code: 'EADDRINUSE',
  errno: -48,
  syscall: 'listen',
  address: '::',
  port: 5000
}

Node.js v24.13.1
